<?xml version="1.0" encoding="UTF-8"?>
<!-- Generated by org.testng.reporters.JUnitReportReporter -->
<testsuite hostname="DESKTOP-NMES7OQ" failures="0" tests="1" name="ReadTxtFile.ToReadTxt" time="0.019" errors="0" timestamp="2023-02-24T15:07:21 IST" skipped="0">
  <testcase classname="ReadTxtFile.ToReadTxt" name="readTextFile" time="0.019"/>
  <system-out/>
</testsuite> <!-- ReadTxtFile.ToReadTxt -->
