<?xml version="1.0" encoding="UTF-8"?>
<!-- Generated by org.testng.reporters.JUnitReportReporter -->
<testsuite hostname="DESKTOP-NMES7OQ" failures="0" tests="3" name="TestNGDataProvider.DataProvide" time="0.047" errors="0" timestamp="2023-01-23T23:19:18 IST" skipped="0">
  <testcase classname="TestNGDataProvider.DataProvide" name="testCaseData" time="0.042"/>
  <system-out/>
  <testcase classname="TestNGDataProvider.DataProvide" name="testCaseData" time="0.002"/>
  <system-out/>
  <testcase classname="TestNGDataProvider.DataProvide" name="testCaseData" time="0.003"/>
  <system-out/>
</testsuite> <!-- TestNGDataProvider.DataProvide -->
