<?xml version="1.0" encoding="UTF-8"?>
<!-- Generated by org.testng.reporters.JUnitReportReporter -->
<testsuite hostname="DESKTOP-NMES7OQ" failures="0" tests="3" name="TestNGDataProvider.DataProvidePlusDataFromExcel" time="0.014" errors="0" timestamp="2023-01-23T23:39:34 IST" skipped="0">
  <testcase classname="TestNGDataProvider.DataProvidePlusDataFromExcel" name="testCaseData" time="0.009"/>
  <system-out/>
  <testcase classname="TestNGDataProvider.DataProvidePlusDataFromExcel" name="testCaseData" time="0.002"/>
  <system-out/>
  <testcase classname="TestNGDataProvider.DataProvidePlusDataFromExcel" name="testCaseData" time="0.003"/>
  <system-out/>
</testsuite> <!-- TestNGDataProvider.DataProvidePlusDataFromExcel -->
