<?xml version="1.0" encoding="UTF-8"?>
<!-- Generated by org.testng.reporters.JUnitReportReporter -->
<testsuite hostname="DESKTOP-NMES7OQ" failures="0" tests="3" name="TestNGDataProvider.DataProvide" time="0.027" errors="0" timestamp="2023-01-28T23:52:57 IST" skipped="0">
  <testcase classname="TestNGDataProvider.DataProvide" name="testCaseData" time="0.023"/>
  <system-out/>
  <testcase classname="TestNGDataProvider.DataProvide" name="testCaseData" time="0.002"/>
  <system-out/>
  <testcase classname="TestNGDataProvider.DataProvide" name="testCaseData" time="0.002"/>
  <system-out/>
</testsuite> <!-- TestNGDataProvider.DataProvide -->
